Removed Pin From Net: NetName=GND Pin=J1-1
Removed Pin From Net: NetName=PD15 Pin=J1-2
Removed Pin From Net: NetName=PD13 Pin=J1-3
Removed Pin From Net: NetName=PE13 Pin=J1-10
Removed Pin From Net: NetName=PE11 Pin=J1-11
Removed Pin From Net: NetName=PE9 Pin=J1-12
Removed Pin From Net: NetName=GND Pin=J1-14
Removed Pin From Net: NetName=PB1 Pin=J1-15
Removed Pin From Net: NetName=PA3 Pin=J1-19
Removed Pin From Net: NetName=GND Pin=J1-23
Removed Pin From Net: NetName=VDD Pin=J1-24
Removed Pin From Net: NetName=GND Pin=J1-25
Removed Pin From Net: NetName=GND Pin=J2-1
Removed Pin From Net: NetName=PD14 Pin=J2-3
Removed Pin From Net: NetName=PD12 Pin=J2-4
Removed Pin From Net: NetName=PD10 Pin=J2-5
Removed Pin From Net: NetName=PD8 Pin=J2-6
Removed Pin From Net: NetName=PB14 Pin=J2-7
Removed Pin From Net: NetName=PE14 Pin=J2-10
Removed Pin From Net: NetName=PB0 Pin=J2-15
Removed Pin From Net: NetName=PA2 Pin=J2-19
Removed Pin From Net: NetName=VDD Pin=J2-24
Removed Pin From Net: NetName=GND Pin=J2-25
Removed Pin From Net: NetName=GND Pin=J3-1
Removed Pin From Net: NetName=PB6 Pin=J3-14
Removed Pin From Net: NetName=PE0 Pin=J3-17
Removed Pin From Net: NetName=VDD Pin=J3-23
Removed Pin From Net: NetName=5V Pin=J3-24
Removed Pin From Net: NetName=GND Pin=J3-25
Removed Pin From Net: NetName=GND Pin=J4-1
Removed Pin From Net: NetName=PC9 Pin=J4-3
Removed Pin From Net: NetName=PB7 Pin=J4-14
Removed Pin From Net: NetName=VDD Pin=J4-15
Removed Pin From Net: NetName=PE3 Pin=J4-18
Removed Pin From Net: NetName=PC13 Pin=J4-20
Removed Pin From Net: NetName=VDD Pin=J4-23
Removed Pin From Net: NetName=5V Pin=J4-24
Removed Pin From Net: NetName=GND Pin=J4-25
Removed Pin From Net: NetName=GND Pin=U$1-P$1
Removed Pin From Net: NetName=GND Pin=U$1-P$2
Removed Pin From Net: NetName=VDD Pin=U$1-P$3
Removed Pin From Net: NetName=VDD Pin=U$1-P$4
Removed Pin From Net: NetName=GND Pin=U$1-P$5
Removed Pin From Net: NetName=PA3 Pin=U$1-P$13
Removed Pin From Net: NetName=PA2 Pin=U$1-P$14
Removed Pin From Net: NetName=PB1 Pin=U$1-P$21
Removed Pin From Net: NetName=PB0 Pin=U$1-P$22
Removed Pin From Net: NetName=GND Pin=U$1-P$23
Removed Pin From Net: NetName=PE9 Pin=U$1-P$27
Removed Pin From Net: NetName=PE11 Pin=U$1-P$29
Removed Pin From Net: NetName=PE13 Pin=U$1-P$31
Removed Pin From Net: NetName=PE14 Pin=U$1-P$32
Removed Pin From Net: NetName=PB14 Pin=U$1-P$38
Removed Pin From Net: NetName=PD8 Pin=U$1-P$40
Removed Pin From Net: NetName=PD10 Pin=U$1-P$42
Removed Pin From Net: NetName=PD12 Pin=U$1-P$44
Removed Pin From Net: NetName=PD13 Pin=U$1-P$45
Removed Pin From Net: NetName=PD14 Pin=U$1-P$46
Removed Pin From Net: NetName=PD15 Pin=U$1-P$47
Removed Pin From Net: NetName=GND Pin=U$1-P$49
Removed Pin From Net: NetName=GND Pin=U$1-P$50
Removed Pin From Net: NetName=GND Pin=U$1-P$51
Removed Pin From Net: NetName=GND Pin=U$1-P$52
Removed Pin From Net: NetName=5V Pin=U$1-P$53
Removed Pin From Net: NetName=5V Pin=U$1-P$54
Removed Pin From Net: NetName=VDD Pin=U$1-P$55
Removed Pin From Net: NetName=VDD Pin=U$1-P$56
Removed Pin From Net: NetName=PC13 Pin=U$1-P$62
Removed Pin From Net: NetName=PE3 Pin=U$1-P$66
Removed Pin From Net: NetName=PE0 Pin=U$1-P$67
Removed Pin From Net: NetName=VDD Pin=U$1-P$72
Removed Pin From Net: NetName=PB6 Pin=U$1-P$73
Removed Pin From Net: NetName=PB7 Pin=U$1-P$74
Removed Pin From Net: NetName=PC9 Pin=U$1-P$96
Removed Pin From Net: NetName=GND Pin=U$1-P$99
Removed Pin From Net: NetName=GND Pin=U$1-P$100
Added Component: Designator=JP1(SPARKFUN-CONNECTORS_1X25_LONGPAD)
Added Component: Designator=JP2(SPARKFUN-CONNECTORS_1X25_LONGPAD)
Added Component: Designator=JP3(SPARKFUN-CONNECTORS_1X25_LONGPAD)
Added Component: Designator=JP4(SPARKFUN-CONNECTORS_1X25_LONGPAD)
Added Component: Designator=P1(JP3)
Added Component: Designator=P2(JP3)
Added Component: Designator=P3(JP3)
Added Component: Designator=P4(JP3)
Added Component: Designator=P5(JP3)
Added Component: Designator=P6(JP4)
Added Pin To Net: NetName=GND Pin=JP1-1
Added Pin To Net: NetName=PD15 Pin=JP1-2
Added Pin To Net: NetName=PD13 Pin=JP1-3
Added Pin To Net: NetName=PE13 Pin=JP1-10
Added Pin To Net: NetName=PE11 Pin=JP1-11
Added Pin To Net: NetName=PE9 Pin=JP1-12
Added Pin To Net: NetName=PB1 Pin=JP1-16
Added Pin To Net: NetName=PA3 Pin=JP1-20
Added Pin To Net: NetName=GND Pin=JP1-23
Added Pin To Net: NetName=VDD Pin=JP1-24
Added Pin To Net: NetName=GND Pin=JP1-25
Added Pin To Net: NetName=GND Pin=JP2-1
Added Pin To Net: NetName=PD14 Pin=JP2-3
Added Pin To Net: NetName=PD12 Pin=JP2-4
Added Pin To Net: NetName=PD10 Pin=JP2-5
Added Pin To Net: NetName=PD8 Pin=JP2-6
Added Pin To Net: NetName=PB14 Pin=JP2-7
Added Pin To Net: NetName=PE14 Pin=JP2-10
Added Pin To Net: NetName=PB0 Pin=JP2-16
Added Pin To Net: NetName=PA2 Pin=JP2-20
Added Pin To Net: NetName=VDD Pin=JP2-24
Added Pin To Net: NetName=GND Pin=JP2-25
Added Pin To Net: NetName=GND Pin=JP3-1
Added Pin To Net: NetName=PB6 Pin=JP3-14
Added Pin To Net: NetName=PE0 Pin=JP3-17
Added Pin To Net: NetName=5V Pin=JP3-24
Added Pin To Net: NetName=GND Pin=JP3-25
Added Pin To Net: NetName=GND Pin=JP4-1
Added Pin To Net: NetName=PC9 Pin=JP4-3
Added Pin To Net: NetName=PB7 Pin=JP4-14
Added Pin To Net: NetName=PE3 Pin=JP4-18
Added Pin To Net: NetName=PC13 Pin=JP4-21
Added Pin To Net: NetName=5V Pin=JP4-24
Added Pin To Net: NetName=GND Pin=JP4-25
Added Pin To Net: NetName=PE0 Pin=P1-1
Added Pin To Net: NetName=5V Pin=P1-2
Added Pin To Net: NetName=GND Pin=P1-3
Added Pin To Net: NetName=PE9 Pin=P2-1
Added Pin To Net: NetName=5V Pin=P2-2
Added Pin To Net: NetName=GND Pin=P2-3
Added Pin To Net: NetName=PE14 Pin=P3-1
Added Pin To Net: NetName=5V Pin=P3-2
Added Pin To Net: NetName=GND Pin=P3-3
Added Pin To Net: NetName=PE11 Pin=P4-1
Added Pin To Net: NetName=5V Pin=P4-2
Added Pin To Net: NetName=GND Pin=P4-3
Added Pin To Net: NetName=PE13 Pin=P5-1
Added Pin To Net: NetName=5V Pin=P5-2
Added Pin To Net: NetName=GND Pin=P5-3
Added Pin To Net: NetName=5V Pin=P6-1
Added Pin To Net: NetName=PC13 Pin=P6-2
Added Pin To Net: NetName=PE3 Pin=P6-3
Added Pin To Net: NetName=GND Pin=P6-4
Added Pin To Net: NetName=3V Pin=JP3-23
Added Pin To Net: NetName=3V Pin=JP4-23
Added Net: Name=3V
Added Class: Name=dt_quad
Added Room: Name=dt_quad
